2023-09-22 12:02:45 0 [Note] Starting MariaDB 10.4.28-MariaDB source revision c8f2e9a5c0ac5905f28b050b7df5a9ffd914b7e7 as process 5936
2023-09-22 12:02:45 0 [Note] InnoDB: Mutexes and rw_locks use Windows interlocked functions
2023-09-22 12:02:45 0 [Note] InnoDB: Uses event mutexes
2023-09-22 12:02:45 0 [Note] InnoDB: Compressed tables use zlib 1.2.12
2023-09-22 12:02:45 0 [Note] InnoDB: Number of pools: 1
2023-09-22 12:02:45 0 [Note] InnoDB: Using SSE2 crc32 instructions
2023-09-22 12:02:45 0 [Note] InnoDB: Initializing buffer pool, total size = 16M, instances = 1, chunk size = 16M
2023-09-22 12:02:45 0 [Note] InnoDB: Completed initialization of buffer pool
2023-09-22 12:02:45 0 [Note] InnoDB: Starting crash recovery from checkpoint LSN=300288
2023-09-22 12:02:45 0 [Note] InnoDB: 128 out of 128 rollback segments are active.
2023-09-22 12:02:45 0 [Note] InnoDB: Removed temporary tablespace data file: "ibtmp1"
2023-09-22 12:02:45 0 [Note] InnoDB: Creating shared tablespace for temporary tables
2023-09-22 12:02:45 0 [Note] InnoDB: Setting file 'C:\XAAAMP\mysql\data\ibtmp1' size to 12 MB. Physically writing the file full; Please wait ...
2023-09-22 12:02:45 0 [Note] InnoDB: File 'C:\XAAAMP\mysql\data\ibtmp1' size is now 12 MB.
2023-09-22 12:02:45 0 [Note] InnoDB: Waiting for purge to start
2023-09-22 12:02:45 0 [Note] InnoDB: 10.4.28 started; log sequence number 300297; transaction id 170
2023-09-22 12:02:45 0 [Note] InnoDB: Loading buffer pool(s) from C:\XAAAMP\mysql\data\ib_buffer_pool
2023-09-22 12:02:45 0 [Note] Plugin 'FEEDBACK' is disabled.
2023-09-22 12:02:45 0 [Note] InnoDB: Buffer pool(s) load completed at 230922 12:02:45
2023-09-22 12:02:45 0 [Note] Server socket created on IP: '::'.
2023-09-22 12:08:48 0 [Note] Starting MariaDB 10.4.28-MariaDB source revision c8f2e9a5c0ac5905f28b050b7df5a9ffd914b7e7 as process 11352
2023-09-22 12:08:48 0 [Note] InnoDB: The first innodb_system data file 'ibdata1' did not exist. A new tablespace will be created!
2023-09-22 12:08:48 0 [Note] InnoDB: Mutexes and rw_locks use Windows interlocked functions
2023-09-22 12:08:48 0 [Note] InnoDB: Uses event mutexes
2023-09-22 12:08:48 0 [Note] InnoDB: Compressed tables use zlib 1.2.12
2023-09-22 12:08:48 0 [Note] InnoDB: Number of pools: 1
2023-09-22 12:08:48 0 [Note] InnoDB: Using SSE2 crc32 instructions
2023-09-22 12:08:48 0 [Note] InnoDB: Initializing buffer pool, total size = 16M, instances = 1, chunk size = 16M
2023-09-22 12:08:48 0 [Note] InnoDB: Completed initialization of buffer pool
2023-09-22 12:08:48 0 [Note] InnoDB: Setting file 'C:\XAAAMP\mysql\data\ibdata1' size to 10 MB. Physically writing the file full; Please wait ...
2023-09-22 12:08:48 0 [Note] InnoDB: File 'C:\XAAAMP\mysql\data\ibdata1' size is now 10 MB.
2023-09-22 12:08:48 0 [Note] InnoDB: Setting log file C:\XAAAMP\mysql\data\ib_logfile101 size to 5242880 bytes
2023-09-22 12:08:48 0 [Note] InnoDB: Setting log file C:\XAAAMP\mysql\data\ib_logfile1 size to 5242880 bytes
2023-09-22 12:08:48 0 [Note] InnoDB: Renaming log file C:\XAAAMP\mysql\data\ib_logfile101 to C:\XAAAMP\mysql\data\ib_logfile0
2023-09-22 12:08:48 0 [Note] InnoDB: New log files created, LSN=11451
2023-09-22 12:08:48 0 [Note] InnoDB: Doublewrite buffer not found: creating new
2023-09-22 12:08:48 0 [Note] InnoDB: Doublewrite buffer created
2023-09-22 12:08:48 0 [Note] InnoDB: 128 out of 128 rollback segments are active.
2023-09-22 12:08:48 0 [Note] InnoDB: Creating foreign key constraint system tables.
2023-09-22 12:08:48 0 [Note] InnoDB: Creating tablespace and datafile system tables.
2023-09-22 12:08:48 0 [Note] InnoDB: Creating sys_virtual system tables.
2023-09-22 12:08:48 0 [Note] InnoDB: Creating shared tablespace for temporary tables
2023-09-22 12:08:48 0 [Note] InnoDB: Setting file 'C:\XAAAMP\mysql\data\ibtmp1' size to 12 MB. Physically writing the file full; Please wait ...
2023-09-22 12:08:48 0 [Note] InnoDB: File 'C:\XAAAMP\mysql\data\ibtmp1' size is now 12 MB.
2023-09-22 12:08:48 0 [Note] InnoDB: Waiting for purge to start
2023-09-22 12:08:48 0 [Note] InnoDB: 10.4.28 started; log sequence number 0; transaction id 7
2023-09-22 12:08:48 0 [Note] Plugin 'FEEDBACK' is disabled.
2023-09-22 12:08:48 0 [ERROR] Could not open mysql.plugin table. Some plugins may be not loaded
2023-09-22 12:08:48 0 [ERROR] Can't open and lock privilege tables: Table 'mysql.servers' doesn't exist
2023-09-22 12:08:48 0 [Note] Server socket created on IP: '::'.
2023-09-22 12:11:43 0 [Note] Starting MariaDB 10.4.28-MariaDB source revision c8f2e9a5c0ac5905f28b050b7df5a9ffd914b7e7 as process 14024
2023-09-22 12:11:43 0 [Note] InnoDB: The first innodb_system data file 'ibdata1' did not exist. A new tablespace will be created!
2023-09-22 12:11:43 0 [Note] InnoDB: Mutexes and rw_locks use Windows interlocked functions
2023-09-22 12:11:43 0 [Note] InnoDB: Uses event mutexes
2023-09-22 12:11:43 0 [Note] InnoDB: Compressed tables use zlib 1.2.12
2023-09-22 12:11:43 0 [Note] InnoDB: Number of pools: 1
2023-09-22 12:11:43 0 [Note] InnoDB: Using SSE2 crc32 instructions
2023-09-22 12:11:43 0 [Note] InnoDB: Initializing buffer pool, total size = 16M, instances = 1, chunk size = 16M
2023-09-22 12:11:43 0 [Note] InnoDB: Completed initialization of buffer pool
2023-09-22 12:11:43 0 [Note] InnoDB: Setting file 'C:\XAAAMP\mysql\data\ibdata1' size to 10 MB. Physically writing the file full; Please wait ...
2023-09-22 12:11:43 0 [Note] InnoDB: File 'C:\XAAAMP\mysql\data\ibdata1' size is now 10 MB.
2023-09-22 12:11:43 0 [Note] InnoDB: Setting log file C:\XAAAMP\mysql\data\ib_logfile101 size to 5242880 bytes
2023-09-22 12:11:43 0 [Note] InnoDB: Setting log file C:\XAAAMP\mysql\data\ib_logfile1 size to 5242880 bytes
2023-09-22 12:11:43 0 [Note] InnoDB: Renaming log file C:\XAAAMP\mysql\data\ib_logfile101 to C:\XAAAMP\mysql\data\ib_logfile0
2023-09-22 12:11:43 0 [Note] InnoDB: New log files created, LSN=11451
2023-09-22 12:11:43 0 [Note] InnoDB: Doublewrite buffer not found: creating new
2023-09-22 12:11:43 0 [Note] InnoDB: Doublewrite buffer created
2023-09-22 12:11:43 0 [Note] InnoDB: 128 out of 128 rollback segments are active.
2023-09-22 12:11:43 0 [Note] InnoDB: Creating foreign key constraint system tables.
2023-09-22 12:11:43 0 [Note] InnoDB: Creating tablespace and datafile system tables.
2023-09-22 12:11:43 0 [Note] InnoDB: Creating sys_virtual system tables.
2023-09-22 12:11:43 0 [Note] InnoDB: Creating shared tablespace for temporary tables
2023-09-22 12:11:43 0 [Note] InnoDB: Setting file 'C:\XAAAMP\mysql\data\ibtmp1' size to 12 MB. Physically writing the file full; Please wait ...
2023-09-22 12:11:43 0 [Note] InnoDB: File 'C:\XAAAMP\mysql\data\ibtmp1' size is now 12 MB.
2023-09-22 12:11:43 0 [Note] InnoDB: Waiting for purge to start
2023-09-22 12:11:43 0 [Note] InnoDB: 10.4.28 started; log sequence number 0; transaction id 7
2023-09-22 12:11:43 0 [Note] Plugin 'FEEDBACK' is disabled.
2023-09-22 12:11:43 0 [Note] Server socket created on IP: '::'.
2023-09-22 12:12:06 0 [Note] Starting MariaDB 10.4.28-MariaDB source revision c8f2e9a5c0ac5905f28b050b7df5a9ffd914b7e7 as process 15716
2023-09-22 12:12:06 0 [Note] InnoDB: Mutexes and rw_locks use Windows interlocked functions
2023-09-22 12:12:06 0 [Note] InnoDB: Uses event mutexes
2023-09-22 12:12:06 0 [Note] InnoDB: Compressed tables use zlib 1.2.12
2023-09-22 12:12:06 0 [Note] InnoDB: Number of pools: 1
2023-09-22 12:12:06 0 [Note] InnoDB: Using SSE2 crc32 instructions
2023-09-22 12:12:06 0 [Note] InnoDB: Initializing buffer pool, total size = 16M, instances = 1, chunk size = 16M
2023-09-22 12:12:06 0 [Note] InnoDB: Completed initialization of buffer pool
2023-09-22 12:12:06 0 [Note] InnoDB: Starting crash recovery from checkpoint LSN=47047
2023-09-22 12:12:06 0 [Note] InnoDB: 128 out of 128 rollback segments are active.
2023-09-22 12:12:06 0 [Note] InnoDB: Removed temporary tablespace data file: "ibtmp1"
2023-09-22 12:12:06 0 [Note] InnoDB: Creating shared tablespace for temporary tables
2023-09-22 12:12:06 0 [Note] InnoDB: Setting file 'C:\XAAAMP\mysql\data\ibtmp1' size to 12 MB. Physically writing the file full; Please wait ...
2023-09-22 12:12:06 0 [Note] InnoDB: File 'C:\XAAAMP\mysql\data\ibtmp1' size is now 12 MB.
2023-09-22 12:12:06 0 [Note] InnoDB: Waiting for purge to start
2023-09-22 12:12:06 0 [Note] InnoDB: 10.4.28 started; log sequence number 47056; transaction id 8
2023-09-22 12:12:06 0 [Note] InnoDB: Loading buffer pool(s) from C:\XAAAMP\mysql\data\ib_buffer_pool
2023-09-22 12:12:06 0 [Note] Plugin 'FEEDBACK' is disabled.
2023-09-22 12:12:06 0 [Note] InnoDB: Cannot open 'C:\XAAAMP\mysql\data\ib_buffer_pool' for reading: No such file or directory
2023-09-22 12:12:06 0 [Note] Server socket created on IP: '::'.
2023-09-22 13:01:58 0 [Note] Starting MariaDB 10.4.28-MariaDB source revision c8f2e9a5c0ac5905f28b050b7df5a9ffd914b7e7 as process 15580
2023-09-22 13:01:58 0 [Note] InnoDB: Mutexes and rw_locks use Windows interlocked functions
2023-09-22 13:01:58 0 [Note] InnoDB: Uses event mutexes
2023-09-22 13:01:58 0 [Note] InnoDB: Compressed tables use zlib 1.2.12
2023-09-22 13:01:58 0 [Note] InnoDB: Number of pools: 1
2023-09-22 13:01:58 0 [Note] InnoDB: Using SSE2 crc32 instructions
2023-09-22 13:01:58 0 [Note] InnoDB: Initializing buffer pool, total size = 16M, instances = 1, chunk size = 16M
2023-09-22 13:01:58 0 [Note] InnoDB: Completed initialization of buffer pool
2023-09-22 13:01:58 0 [Note] InnoDB: Starting crash recovery from checkpoint LSN=47065
2023-09-22 13:01:58 0 [Note] InnoDB: 128 out of 128 rollback segments are active.
2023-09-22 13:01:58 0 [Note] InnoDB: Removed temporary tablespace data file: "ibtmp1"
2023-09-22 13:01:58 0 [Note] InnoDB: Creating shared tablespace for temporary tables
2023-09-22 13:01:58 0 [Note] InnoDB: Setting file 'C:\XAAAMP\mysql\data\ibtmp1' size to 12 MB. Physically writing the file full; Please wait ...
2023-09-22 13:01:58 0 [Note] InnoDB: File 'C:\XAAAMP\mysql\data\ibtmp1' size is now 12 MB.
2023-09-22 13:01:58 0 [Note] InnoDB: Waiting for purge to start
2023-09-22 13:01:58 0 [Note] InnoDB: 10.4.28 started; log sequence number 47074; transaction id 8
2023-09-22 13:01:58 0 [Note] InnoDB: Loading buffer pool(s) from C:\XAAAMP\mysql\data\ib_buffer_pool
2023-09-22 13:01:58 0 [Note] Plugin 'FEEDBACK' is disabled.
2023-09-22 13:01:58 0 [Note] InnoDB: Cannot open 'C:\XAAAMP\mysql\data\ib_buffer_pool' for reading: No such file or directory
2023-09-22 13:01:58 0 [Note] Server socket created on IP: '::'.
2023-09-22 13:11:11 0 [Note] Starting MariaDB 10.4.28-MariaDB source revision c8f2e9a5c0ac5905f28b050b7df5a9ffd914b7e7 as process 12676
2023-09-22 13:11:11 0 [Note] InnoDB: Mutexes and rw_locks use Windows interlocked functions
2023-09-22 13:11:11 0 [Note] InnoDB: Uses event mutexes
2023-09-22 13:11:11 0 [Note] InnoDB: Compressed tables use zlib 1.2.12
2023-09-22 13:11:11 0 [Note] InnoDB: Number of pools: 1
2023-09-22 13:11:11 0 [Note] InnoDB: Using SSE2 crc32 instructions
2023-09-22 13:11:11 0 [Note] InnoDB: Initializing buffer pool, total size = 16M, instances = 1, chunk size = 16M
2023-09-22 13:11:11 0 [Note] InnoDB: Completed initialization of buffer pool
2023-09-22 13:11:11 0 [Note] InnoDB: Starting crash recovery from checkpoint LSN=47083
2023-09-22 13:11:11 0 [Note] InnoDB: 128 out of 128 rollback segments are active.
2023-09-22 13:11:11 0 [Note] InnoDB: Removed temporary tablespace data file: "ibtmp1"
2023-09-22 13:11:11 0 [Note] InnoDB: Creating shared tablespace for temporary tables
2023-09-22 13:11:11 0 [Note] InnoDB: Setting file 'C:\XAAAMP\mysql\data\programming\ibtmp1' size to 12 MB. Physically writing the file full; Please wait ...
2023-09-22 13:11:11 0 [Note] InnoDB: File 'C:\XAAAMP\mysql\data\programming\ibtmp1' size is now 12 MB.
2023-09-22 13:11:11 0 [Note] InnoDB: Waiting for purge to start
2023-09-22 13:11:11 0 [Note] InnoDB: 10.4.28 started; log sequence number 47092; transaction id 8
2023-09-22 13:11:11 0 [Note] InnoDB: Loading buffer pool(s) from C:\XAAAMP\mysql\data\programming\ib_buffer_pool
2023-09-22 13:11:11 0 [Note] Plugin 'FEEDBACK' is disabled.
2023-09-22 13:11:11 0 [Note] InnoDB: Buffer pool(s) load completed at 230922 13:11:11
2023-09-22 13:11:11 0 [Note] Server socket created on IP: '::'.
2023-09-22 13:12:44 0 [Note] Starting MariaDB 10.4.28-MariaDB source revision c8f2e9a5c0ac5905f28b050b7df5a9ffd914b7e7 as process 9032
2023-09-22 13:12:44 0 [Note] InnoDB: Mutexes and rw_locks use Windows interlocked functions
2023-09-22 13:12:44 0 [Note] InnoDB: Uses event mutexes
2023-09-22 13:12:44 0 [Note] InnoDB: Compressed tables use zlib 1.2.12
2023-09-22 13:12:44 0 [Note] InnoDB: Number of pools: 1
2023-09-22 13:12:44 0 [Note] InnoDB: Using SSE2 crc32 instructions
2023-09-22 13:12:44 0 [Note] InnoDB: Initializing buffer pool, total size = 16M, instances = 1, chunk size = 16M
2023-09-22 13:12:44 0 [Note] InnoDB: Completed initialization of buffer pool
2023-09-22 13:12:44 0 [Note] InnoDB: Starting crash recovery from checkpoint LSN=47117
2023-09-22 13:12:44 0 [Note] InnoDB: 128 out of 128 rollback segments are active.
2023-09-22 13:12:44 0 [Note] InnoDB: Removed temporary tablespace data file: "ibtmp1"
2023-09-22 13:12:44 0 [Note] InnoDB: Creating shared tablespace for temporary tables
2023-09-22 13:12:44 0 [Note] InnoDB: Setting file 'C:\XAAAMP\mysql\data\programming\ibtmp1' size to 12 MB. Physically writing the file full; Please wait ...
2023-09-22 13:12:44 0 [Note] InnoDB: File 'C:\XAAAMP\mysql\data\programming\ibtmp1' size is now 12 MB.
2023-09-22 13:12:44 0 [Note] InnoDB: Waiting for purge to start
2023-09-22 13:12:44 0 [Note] InnoDB: 10.4.28 started; log sequence number 47126; transaction id 8
2023-09-22 13:12:44 0 [Note] InnoDB: Loading buffer pool(s) from C:\XAAAMP\mysql\data\programming\ib_buffer_pool
2023-09-22 13:12:44 0 [Note] Plugin 'FEEDBACK' is disabled.
2023-09-22 13:12:44 0 [Note] InnoDB: Buffer pool(s) load completed at 230922 13:12:44
2023-09-22 13:12:44 0 [Note] Server socket created on IP: '::'.
